\BOOKMARK [0][-]{chapter.1}{Wstep}{}
\BOOKMARK [0][-]{chapter.2}{Wstep teoretyczny}{}
\BOOKMARK [1][-]{section.2.1}{Historia sztucznej inteligencji.}{chapter.2}
\BOOKMARK [1][-]{section.2.2}{Sztuczna w dzisiejszych zastosowaniach.}{chapter.2}
\BOOKMARK [1][-]{section.2.3}{Podstawy algorytm\363w w grach.}{chapter.2}
\BOOKMARK [1][-]{section.2.4}{Podstawy algorytm\363w genetycznych.}{chapter.2}
\BOOKMARK [0][-]{chapter.3}{Analiza wymagan}{}
\BOOKMARK [1][-]{section.3.1}{Wykorzystane narzedzia i jezyki programowania}{chapter.3}
\BOOKMARK [2][-]{subsection.3.1.1}{Jezyk Java}{section.3.1}
\BOOKMARK [2][-]{subsection.3.1.2}{Biblioteka Swing}{section.3.1}
\BOOKMARK [2][-]{subsection.3.1.3}{Narzedzia}{section.3.1}
\BOOKMARK [1][-]{section.3.2}{Wstepna analiza problemu}{chapter.3}
\BOOKMARK [2][-]{subsection.3.2.1}{Sterowanie}{section.3.2}
\BOOKMARK [2][-]{subsection.3.2.2}{Projekt chromosomu}{section.3.2}
\BOOKMARK [1][-]{section.3.3}{Modu\233 silnika i symulatora gry}{chapter.3}
\BOOKMARK [2][-]{subsection.3.3.1}{Wymagania funkcjonalne}{section.3.3}
\BOOKMARK [2][-]{subsection.3.3.2}{Wymagania niefunkcjonalne}{section.3.3}
\BOOKMARK [2][-]{subsection.3.3.3}{Diagram przypadk\363w uzycia}{section.3.3}
\BOOKMARK [2][-]{subsection.3.3.4}{Opis tekstowy przypadk\363w uzycia}{section.3.3}
\BOOKMARK [2][-]{subsection.3.3.5}{Diagramy czynnosci}{section.3.3}
\BOOKMARK [2][-]{subsection.3.3.6}{Diagram stan\363w}{section.3.3}
\BOOKMARK [1][-]{section.3.4}{Modu\233 edytora map}{chapter.3}
\BOOKMARK [2][-]{subsection.3.4.1}{Wymagania funkcjonalne}{section.3.4}
\BOOKMARK [2][-]{subsection.3.4.2}{Wymagania niefunkcjonalne}{section.3.4}
\BOOKMARK [2][-]{subsection.3.4.3}{Diagram przypadk\363w uzycia}{section.3.4}
\BOOKMARK [2][-]{subsection.3.4.4}{Opis tekstowy przypadk\363w uzycia}{section.3.4}
\BOOKMARK [2][-]{subsection.3.4.5}{Diagramy czynnosci}{section.3.4}
\BOOKMARK [1][-]{section.3.5}{Diagram klas}{chapter.3}
\BOOKMARK [0][-]{chapter.4}{Opis interfejsu systemu}{}
\BOOKMARK [1][-]{section.4.1}{Modu\233 silnika i symulatora gry}{chapter.4}
\BOOKMARK [2][-]{subsection.4.1.1}{G\233\363wne okno aplikacji}{section.4.1}
\BOOKMARK [2][-]{subsection.4.1.2}{Panel konfiguracyjny}{section.4.1}
\BOOKMARK [2][-]{subsection.4.1.3}{Widok Populacji i Chromosomu}{section.4.1}
\BOOKMARK [2][-]{subsection.4.1.4}{Edytor Map}{section.4.1}
\BOOKMARK [0][-]{chapter.5}{Podsumowanie}{}
