This is pdfTeX, Version 3.1415926-1.40.10 (TeX Live 2009/Debian) (format=pdflatex 2011.12.17)  7 JAN 2012 14:35
entering extended mode
 %&-line parsing enabled.
**glowny.tex
(./glowny.tex
LaTeX2e <2009/09/24>
Babel <v3.8l> and hyphenation patterns for english, usenglishmax, dumylang, noh
yphenation, farsi, arabic, croatian, bulgarian, ukrainian, russian, czech, slov
ak, danish, dutch, finnish, french, basque, ngerman, german, german-x-2009-06-1
9, ngerman-x-2009-06-19, ibycus, monogreek, greek, ancientgreek, hungarian, san
skrit, italian, latin, latvian, lithuanian, mongolian2a, mongolian, bokmal, nyn
orsk, romanian, irish, coptic, serbian, turkish, welsh, esperanto, uppersorbian
, estonian, indonesian, interlingua, icelandic, kurmanji, slovenian, polish, po
rtuguese, spanish, galician, catalan, swedish, ukenglish, pinyin, loaded.
(./wipb.cls
Document Class: wipb 2009/07/31 v1.3 LaTeX document class (MZ)
(./mbook.cls
Document Class: mbook 2009/07/16 v1.0 Modified LaTeX document class
(/usr/share/texmf-texlive/tex/latex/base/bk12.clo
File: bk12.clo 2007/10/19 v1.4h Standard LaTeX file (size option)
)
\c@part=\count79
\c@chapter=\count80
\c@section=\count81
\c@subsection=\count82
\c@subsubsection=\count83
\c@paragraph=\count84
\c@subparagraph=\count85
\c@figure=\count86
\c@table=\count87
\abovecaptionskip=\skip41
\belowcaptionskip=\skip42
\bibindent=\dimen102
)
(/usr/share/texmf-texlive/tex/latex/polski/polski.sty
Package: polski 2008/02/24 v1.3.3 Polish language package

Document language package `polski' v1.3.3 <2008/02/24>
(/usr/share/texmf-texlive/tex/latex/base/ot4enc.def
File: ot4enc.def 2005/09/27 v1.99g Standard LaTeX file
)
LaTeX Font Info:    Overwriting math alphabet `\mathbf' in version `normal'
(Font)                  OT1/cmr/bx/n --> OT4/cmr/bx/n on input line 310.
LaTeX Font Info:    Overwriting math alphabet `\mathsf' in version `normal'
(Font)                  OT1/cmss/m/n --> OT4/cmss/m/n on input line 310.
LaTeX Font Info:    Overwriting math alphabet `\mathit' in version `normal'
(Font)                  OT1/cmr/m/it --> OT4/cmr/m/it on input line 310.
LaTeX Font Info:    Overwriting math alphabet `\mathtt' in version `normal'
(Font)                  OT1/cmtt/m/n --> OT4/cmtt/m/n on input line 310.
LaTeX Font Info:    Overwriting math alphabet `\mathsf' in version `bold'
(Font)                  OT1/cmss/bx/n --> OT4/cmss/bx/n on input line 310.
LaTeX Font Info:    Overwriting math alphabet `\mathit' in version `bold'
(Font)                  OT1/cmr/bx/it --> OT4/cmr/bx/it on input line 310.
LaTeX Font Info:    Encoding `OT1' has changed to `OT4' for symbol font
(Font)              `operators' in the math version `normal' on input line 310.

LaTeX Font Info:    Overwriting symbol font `operators' in version `normal'
(Font)                  OT1/cmr/m/n --> OT4/cmr/m/n on input line 310.
LaTeX Font Info:    Overwriting symbol font `letters' in version `normal'
(Font)                  OML/cmm/m/it --> OML/plm/m/it on input line 310.
LaTeX Font Info:    Overwriting symbol font `symbols' in version `normal'
(Font)                  OMS/cmsy/m/n --> OMS/plsy/m/n on input line 310.
LaTeX Font Info:    Overwriting symbol font `largesymbols' in version `normal'
(Font)                  OMX/cmex/m/n --> OMX/plex/m/n on input line 310.
LaTeX Font Info:    Encoding `OT1' has changed to `OT4' for symbol font
(Font)              `operators' in the math version `bold' on input line 310.
LaTeX Font Info:    Overwriting symbol font `operators' in version `bold'
(Font)                  OT1/cmr/bx/n --> OT4/cmr/bx/n on input line 310.
LaTeX Font Info:    Overwriting symbol font `letters' in version `bold'
(Font)                  OML/cmm/b/it --> OML/plm/b/it on input line 310.
LaTeX Font Info:    Overwriting symbol font `symbols' in version `bold'
(Font)                  OMS/cmsy/b/n --> OMS/plsy/b/n on input line 310.
)
(/usr/share/texmf-texlive/tex/latex/base/inputenc.sty
Package: inputenc 2008/03/30 v1.1d Input encoding file
\inpenc@prehook=\toks14
\inpenc@posthook=\toks15

(/usr/share/texmf-texlive/tex/latex/base/cp1250.def
File: cp1250.def 2008/03/30 v1.1d Input encoding file
))
(/usr/share/texmf-texlive/tex/latex/graphics/graphicx.sty
Package: graphicx 1999/02/16 v1.0f Enhanced LaTeX Graphics (DPC,SPQR)

(/usr/share/texmf-texlive/tex/latex/graphics/keyval.sty
Package: keyval 1999/03/16 v1.13 key=value parser (DPC)
\KV@toks@=\toks16
)
(/usr/share/texmf-texlive/tex/latex/graphics/graphics.sty
Package: graphics 2009/02/05 v1.0o Standard LaTeX Graphics (DPC,SPQR)

(/usr/share/texmf-texlive/tex/latex/graphics/trig.sty
Package: trig 1999/03/16 v1.09 sin cos tan (DPC)
)
(/etc/texmf/tex/latex/config/graphics.cfg
File: graphics.cfg 2009/08/28 v1.8 graphics configuration of TeX Live
)
Package graphics Info: Driver file: pdftex.def on input line 91.

(/usr/share/texmf-texlive/tex/latex/pdftex-def/pdftex.def
File: pdftex.def 2010/03/12 v0.04p Graphics/color for pdfTeX
\Gread@gobject=\count88
))
\Gin@req@height=\dimen103
\Gin@req@width=\dimen104
)
(/usr/share/texmf-texlive/tex/latex/hyperref/hyperref.sty
Package: hyperref 2009/10/09 v6.79a Hypertext links for LaTeX

(/usr/share/texmf-texlive/tex/generic/oberdiek/ifpdf.sty
Package: ifpdf 2009/04/10 v2.0 Provides the ifpdf switch (HO)
Package ifpdf Info: pdfTeX in pdf mode detected.
)
(/usr/share/texmf-texlive/tex/generic/oberdiek/ifvtex.sty
Package: ifvtex 2008/11/04 v1.4 Switches for detecting VTeX and its modes (HO)
Package ifvtex Info: VTeX not detected.
)
(/usr/share/texmf-texlive/tex/generic/ifxetex/ifxetex.sty
Package: ifxetex 2009/01/23 v0.5 Provides ifxetex conditional
)
(/usr/share/texmf-texlive/tex/latex/oberdiek/hycolor.sty
Package: hycolor 2009/10/02 v1.5 Code for color options of hyperref/bookmark (H
O)

(/usr/share/texmf-texlive/tex/latex/oberdiek/xcolor-patch.sty
Package: xcolor-patch 2009/10/02 xcolor patch
))
\@linkdim=\dimen105
\Hy@linkcounter=\count89
\Hy@pagecounter=\count90

(/usr/share/texmf-texlive/tex/latex/hyperref/pd1enc.def
File: pd1enc.def 2009/10/09 v6.79a Hyperref: PDFDocEncoding definition (HO)
)
(/usr/share/texmf-texlive/tex/generic/oberdiek/etexcmds.sty
Package: etexcmds 2007/12/12 v1.2 Prefix for e-TeX command names (HO)

(/usr/share/texmf-texlive/tex/generic/oberdiek/infwarerr.sty
Package: infwarerr 2007/09/09 v1.2 Providing info/warning/message (HO)
)
Package etexcmds Info: Could not find \expanded.
(etexcmds)             That can mean that you are not using pdfTeX 1.50 or
(etexcmds)             that some package has redefined \expanded.
(etexcmds)             In the latter case, load this package earlier.
)
(/usr/share/texmf-texlive/tex/latex/latexconfig/hyperref.cfg
File: hyperref.cfg 2002/06/06 v1.2 hyperref configuration of TeXLive
)
(/usr/share/texmf-texlive/tex/latex/oberdiek/kvoptions.sty
Package: kvoptions 2009/08/13 v3.4 Keyval support for LaTeX options (HO)

(/usr/share/texmf-texlive/tex/generic/oberdiek/kvsetkeys.sty
Package: kvsetkeys 2009/07/30 v1.5 Key value parser with default handler suppor
t (HO)
))
Package hyperref Info: Option `colorlinks' set `true' on input line 2864.
Package hyperref Info: Option `plainpages' set `false' on input line 2864.
Package hyperref Info: Option `pdfpagelabels' set `true' on input line 2864.
Package hyperref Info: Option `naturalnames' set `true' on input line 2864.
Package hyperref Info: Hyper figures OFF on input line 2975.
Package hyperref Info: Link nesting OFF on input line 2980.
Package hyperref Info: Hyper index ON on input line 2983.
Package hyperref Info: Plain pages OFF on input line 2990.
Package hyperref Info: Backreferencing OFF on input line 2995.

Implicit mode ON; LaTeX internals redefined
Package hyperref Info: Bookmarks ON on input line 3191.
(/usr/share/texmf-texlive/tex/latex/ltxmisc/url.sty
\Urlmuskip=\muskip10
Package: url 2006/04/12  ver 3.3  Verb mode for urls, etc.
)
LaTeX Info: Redefining \url on input line 3428.

(/usr/share/texmf-texlive/tex/generic/oberdiek/bitset.sty
Package: bitset 2007/09/28 v1.0 Data type bit set (HO)

(/usr/share/texmf-texlive/tex/generic/oberdiek/intcalc.sty
Package: intcalc 2007/09/27 v1.1 Expandable integer calculations (HO)
)
(/usr/share/texmf-texlive/tex/generic/oberdiek/bigintcalc.sty
Package: bigintcalc 2007/11/11 v1.1 Expandable big integer calculations (HO)

(/usr/share/texmf-texlive/tex/generic/oberdiek/pdftexcmds.sty
Package: pdftexcmds 2009/09/23 v0.6 LuaTeX support for pdfTeX utility functions
 (HO)

(/usr/share/texmf-texlive/tex/generic/oberdiek/ifluatex.sty
Package: ifluatex 2009/04/17 v1.2 Provides the ifluatex switch (HO)
Package ifluatex Info: LuaTeX not detected.
)
(/usr/share/texmf-texlive/tex/generic/oberdiek/ltxcmds.sty
Package: ltxcmds 2009/08/05 v1.0 Some LaTeX kernel commands for general use (HO
)
)
Package pdftexcmds Info: LuaTeX not detected.
Package pdftexcmds Info: \pdf@primitive is available.
Package pdftexcmds Info: \pdf@ifprimitive is available.
)))
\Fld@menulength=\count91
\Field@Width=\dimen106
\Fld@charsize=\dimen107
\Field@toks=\toks17
Package hyperref Info: Hyper figures OFF on input line 4377.
Package hyperref Info: Link nesting OFF on input line 4382.
Package hyperref Info: Hyper index ON on input line 4385.
Package hyperref Info: backreferencing OFF on input line 4392.
Package hyperref Info: Link coloring ON on input line 4395.
Package hyperref Info: Link coloring with OCG OFF on input line 4402.
Package hyperref Info: PDF/A mode OFF on input line 4407.

(/usr/share/texmf-texlive/tex/generic/oberdiek/atbegshi.sty
Package: atbegshi 2008/07/31 v1.9 At begin shipout hook (HO)
)
\Hy@abspage=\count92
\c@Item=\count93
\c@Hfootnote=\count94
)

Package hyperref Warning: Wrong driver `hdvips.def';
(hyperref)                pdfTeX is running in PDF mode.
(hyperref)                Forcing driver `hpdftex.def'.

*hyperref using driver hpdftex*
(/usr/share/texmf-texlive/tex/latex/hyperref/hpdftex.def
File: hpdftex.def 2009/10/09 v6.79a Hyperref driver for pdfTeX
\Fld@listcount=\count95
)
(/usr/share/texmf-texlive/tex/latex/caption/caption.sty
Package: caption 2009/10/09 v3.1k Customizing captions (AR)

(/usr/share/texmf-texlive/tex/latex/caption/caption3.sty
Package: caption3 2009/10/09 v3.1k caption3 kernel (AR)
\captionmargin=\dimen108
\captionmargin@=\dimen109
\captionwidth=\dimen110
\caption@indent=\dimen111
\caption@parindent=\dimen112
\caption@hangindent=\dimen113
)
\c@ContinuedFloat=\count96
Package caption Info: hyperref package is loaded.
)
(/usr/share/texmf-texlive/tex/latex/listings/listings.sty
\lst@mode=\count97
\lst@gtempboxa=\box26
\lst@token=\toks18
\lst@length=\count98
\lst@currlwidth=\dimen114
\lst@column=\count99
\lst@pos=\count100
\lst@lostspace=\dimen115
\lst@width=\dimen116
\lst@newlines=\count101
\lst@lineno=\count102
\lst@maxwidth=\dimen117

(/usr/share/texmf-texlive/tex/latex/listings/lstmisc.sty
File: lstmisc.sty 2007/02/22 1.4 (Carsten Heinz)
\c@lstnumber=\count103
\lst@skipnumbers=\count104
\lst@framebox=\box27
)
(/usr/share/texmf-texlive/tex/latex/listings/listings.cfg
File: listings.cfg 2007/02/22 1.4 listings configuration
))
Package: listings 2007/02/22 1.4 (Carsten Heinz)

(/usr/share/texmf-texlive/tex/latex/multirow/multirow.sty
\bigstrutjot=\dimen118
)
(/usr/share/texmf-texlive/tex/latex/algorithm2e/algorithm2e.sty
Package: algorithm2e 2005/10/04 v3.9 algorithms environments
\c@AlgoLine=\count105

(/usr/share/texmf-texlive/tex/latex/base/ifthen.sty
Package: ifthen 2001/05/26 v1.1c Standard LaTeX ifthen package (DPC)
)
(/usr/share/texmf-texlive/tex/latex/tools/xspace.sty
Package: xspace 2006/05/08 v1.12 Space after command names (DPC,MH)
)
********************************************************
Package `algorithm2e' Release 3.9 -- october 04 2005 --
- algorithm2e-announce@lirmm.fr mailing list for announcement about releases
- algorithm2e-discussion@lirmm.fr mailing list for discussion about package
subscribe by emailing sympa@lirmm.fr with 'subscribe <list> <firstname name>'
- Author: Christophe Fiorio (fiorio@lirmm.fr)
********************************************************
\skiptotal=\skip43
\skiprule=\skip44
\skiphlne=\skip45
\skiptext=\skip46
\skiplength=\skip47
\algomargin=\skip48
\skipalgocfslide=\skip49
\algowidth=\dimen119
\inoutsize=\dimen120
\inoutline=\dimen121
\algocf@inoutbox=\box28
\algocf@inputbox=\box29
\AlCapSkip=\skip50
\AlCapHSkip=\skip51
\algocf@capbox=\box30
\c@algocfline=\count106
\c@algocf=\count107
\algocf@algoframe=\box31
\algocf@algobox=\box32
) (/usr/share/texmf/tex/latex/pgf/frontendlayer/tikz.sty
(/usr/share/texmf/tex/latex/pgf/basiclayer/pgf.sty
(/usr/share/texmf/tex/latex/pgf/utilities/pgfrcs.sty
(/usr/share/texmf/tex/generic/pgf/utilities/pgfutil-common.tex
\pgfutil@everybye=\toks19
)
(/usr/share/texmf/tex/generic/pgf/utilities/pgfutil-latex.def)
(/usr/share/texmf/tex/generic/pgf/utilities/pgfrcs.code.tex
Package: pgfrcs 2008/02/20 v2.00 (rcs-revision 1.21)
))
Package: pgf 2008/01/15 v2.00 (rcs-revision 1.12)

(/usr/share/texmf/tex/latex/pgf/basiclayer/pgfcore.sty
(/usr/share/texmf/tex/latex/pgf/systemlayer/pgfsys.sty
(/usr/share/texmf/tex/generic/pgf/systemlayer/pgfsys.code.tex
Package: pgfsys 2008/02/07 v2.00 (rcs-revision 1.31)

(/usr/share/texmf/tex/generic/pgf/utilities/pgfkeys.code.tex
\pgfkeys@pathtoks=\toks20
\pgfkeys@temptoks=\toks21
)
\pgf@x=\dimen122
\pgf@y=\dimen123
\pgf@xa=\dimen124
\pgf@ya=\dimen125
\pgf@xb=\dimen126
\pgf@yb=\dimen127
\pgf@xc=\dimen128
\pgf@yc=\dimen129
\c@pgf@counta=\count108
\c@pgf@countb=\count109
\c@pgf@countc=\count110
\c@pgf@countd=\count111

(/usr/share/texmf/tex/generic/pgf/systemlayer/pgf.cfg
File: pgf.cfg 2008/01/13  (rcs-revision 1.6)
)
Package pgfsys Info: Driver file for pgf: pgfsys-pdftex.def on input line 885.

(/usr/share/texmf/tex/generic/pgf/systemlayer/pgfsys-pdftex.def
File: pgfsys-pdftex.def 2007/12/20  (rcs-revision 1.20)

(/usr/share/texmf/tex/generic/pgf/systemlayer/pgfsys-common-pdf.def
File: pgfsys-common-pdf.def 2007/12/17  (rcs-revision 1.8)
)))
(/usr/share/texmf/tex/generic/pgf/systemlayer/pgfsyssoftpath.code.tex
File: pgfsyssoftpath.code.tex 2008/01/23  (rcs-revision 1.6)
\pgfsyssoftpath@smallbuffer@items=\count112
\pgfsyssoftpath@bigbuffer@items=\count113
)
(/usr/share/texmf/tex/generic/pgf/systemlayer/pgfsysprotocol.code.tex
File: pgfsysprotocol.code.tex 2006/10/16  (rcs-revision 1.4)
))
(/usr/share/texmf/tex/latex/xcolor/xcolor.sty
Package: xcolor 2007/01/21 v2.11 LaTeX color extensions (UK)

(/etc/texmf/tex/latex/config/color.cfg
File: color.cfg 2007/01/18 v1.5 color configuration of teTeX/TeXLive
)
Package xcolor Info: Driver file: pdftex.def on input line 225.
Package xcolor Info: Model `cmy' substituted by `cmy0' on input line 1337.
Package xcolor Info: Model `hsb' substituted by `rgb' on input line 1341.
Package xcolor Info: Model `RGB' extended on input line 1353.
Package xcolor Info: Model `HTML' substituted by `rgb' on input line 1355.
Package xcolor Info: Model `Hsb' substituted by `hsb' on input line 1356.
Package xcolor Info: Model `tHsb' substituted by `hsb' on input line 1357.
Package xcolor Info: Model `HSB' substituted by `hsb' on input line 1358.
Package xcolor Info: Model `Gray' substituted by `gray' on input line 1359.
Package xcolor Info: Model `wave' substituted by `hsb' on input line 1360.
)
(/usr/share/texmf/tex/generic/pgf/basiclayer/pgfcore.code.tex
Package: pgfcore 2008/01/15 v2.00 (rcs-revision 1.6)

(/usr/share/texmf/tex/generic/pgf/math/pgfmath.code.tex
(/usr/share/texmf/tex/generic/pgf/math/pgfmathcalc.code.tex
(/usr/share/texmf/tex/generic/pgf/math/pgfmathutil.code.tex
\pgfmath@box=\box33
)
(/usr/share/texmf/tex/generic/pgf/math/pgfmathparser.code.tex
\pgfmath@stack=\toks22
\c@pgfmath@parsecounta=\count114
\c@pgfmath@parsecountb=\count115
\c@pgfmath@parsecountc=\count116
\pgfmath@parsex=\dimen130
)
(/usr/share/texmf/tex/generic/pgf/math/pgfmathoperations.code.tex
(/usr/share/texmf/tex/generic/pgf/math/pgfmathtrig.code.tex)
(/usr/share/texmf/tex/generic/pgf/math/pgfmathrnd.code.tex))
(/usr/share/texmf/tex/generic/pgf/math/pgfmathbase.code.tex)))
(/usr/share/texmf/tex/generic/pgf/basiclayer/pgfcorepoints.code.tex
File: pgfcorepoints.code.tex 2008/02/03  (rcs-revision 1.13)
\pgf@picminx=\dimen131
\pgf@picmaxx=\dimen132
\pgf@picminy=\dimen133
\pgf@picmaxy=\dimen134
\pgf@pathminx=\dimen135
\pgf@pathmaxx=\dimen136
\pgf@pathminy=\dimen137
\pgf@pathmaxy=\dimen138
\pgf@xx=\dimen139
\pgf@xy=\dimen140
\pgf@yx=\dimen141
\pgf@yy=\dimen142
\pgf@zx=\dimen143
\pgf@zy=\dimen144
LaTeX Font Info:    Try loading font information for OT4+cmr on input line 835.


(/usr/share/texmf-texlive/tex/latex/polski/ot4cmr.fd
File: ot4cmr.fd 2008/02/24 v1.2.1 Font defs for fonts PL (MW)
))
(/usr/share/texmf/tex/generic/pgf/basiclayer/pgfcorepathconstruct.code.tex
File: pgfcorepathconstruct.code.tex 2008/02/13  (rcs-revision 1.14)
\pgf@path@lastx=\dimen145
\pgf@path@lasty=\dimen146
)
(/usr/share/texmf/tex/generic/pgf/basiclayer/pgfcorepathusage.code.tex
File: pgfcorepathusage.code.tex 2008/01/23  (rcs-revision 1.11)
\pgf@shorten@end@additional=\dimen147
\pgf@shorten@start@additional=\dimen148
)
(/usr/share/texmf/tex/generic/pgf/basiclayer/pgfcorescopes.code.tex
File: pgfcorescopes.code.tex 2008/01/15  (rcs-revision 1.26)
\pgfpic=\box34
\pgf@hbox=\box35
\pgf@layerbox@main=\box36
\pgf@picture@serial@count=\count117
)
(/usr/share/texmf/tex/generic/pgf/basiclayer/pgfcoregraphicstate.code.tex
File: pgfcoregraphicstate.code.tex 2007/12/12  (rcs-revision 1.8)
\pgflinewidth=\dimen149
)
(/usr/share/texmf/tex/generic/pgf/basiclayer/pgfcoretransformations.code.tex
File: pgfcoretransformations.code.tex 2008/02/04  (rcs-revision 1.10)
\pgf@pt@x=\dimen150
\pgf@pt@y=\dimen151
\pgf@pt@temp=\dimen152
)
(/usr/share/texmf/tex/generic/pgf/basiclayer/pgfcorequick.code.tex
File: pgfcorequick.code.tex 2006/10/11  (rcs-revision 1.2)
)
(/usr/share/texmf/tex/generic/pgf/basiclayer/pgfcoreobjects.code.tex
File: pgfcoreobjects.code.tex 2006/10/11  (rcs-revision 1.2)
)
(/usr/share/texmf/tex/generic/pgf/basiclayer/pgfcorepathprocessing.code.tex
File: pgfcorepathprocessing.code.tex 2008/01/23  (rcs-revision 1.7)
)
(/usr/share/texmf/tex/generic/pgf/basiclayer/pgfcorearrows.code.tex
File: pgfcorearrows.code.tex 2007/06/07  (rcs-revision 1.8)
)
(/usr/share/texmf/tex/generic/pgf/basiclayer/pgfcoreshade.code.tex
File: pgfcoreshade.code.tex 2007/12/10  (rcs-revision 1.9)
\pgf@max=\dimen153
\pgf@sys@shading@range@num=\count118
)
(/usr/share/texmf/tex/generic/pgf/basiclayer/pgfcoreimage.code.tex
File: pgfcoreimage.code.tex 2008/01/15  (rcs-revision 1.1)
\pgfexternal@startupbox=\box37
)
(/usr/share/texmf/tex/generic/pgf/basiclayer/pgfcorelayers.code.tex
File: pgfcorelayers.code.tex 2008/01/15  (rcs-revision 1.1)
)
(/usr/share/texmf/tex/generic/pgf/basiclayer/pgfcoretransparency.code.tex
File: pgfcoretransparency.code.tex 2008/01/17  (rcs-revision 1.2)
)
(/usr/share/texmf/tex/generic/pgf/basiclayer/pgfcorepatterns.code.tex
File: pgfcorepatterns.code.tex 2008/01/15  (rcs-revision 1.1)
)))
(/usr/share/texmf/tex/generic/pgf/modules/pgfmoduleshapes.code.tex
File: pgfmoduleshapes.code.tex 2008/02/13  (rcs-revision 1.4)
\pgfnodeparttextbox=\box38
\toks@savedmacro=\toks23
)
(/usr/share/texmf/tex/generic/pgf/modules/pgfmoduleplot.code.tex
File: pgfmoduleplot.code.tex 2008/01/15  (rcs-revision 1.1)
\pgf@plotwrite=\write3
)
(/usr/share/texmf/tex/latex/pgf/compatibility/pgfcomp-version-0-65.sty
Package: pgfcomp-version-0-65 2007/07/03 v2.00 (rcs-revision 1.7)
\pgf@nodesepstart=\dimen154
\pgf@nodesepend=\dimen155
)
(/usr/share/texmf/tex/latex/pgf/compatibility/pgfcomp-version-1-18.sty
Package: pgfcomp-version-1-18 2007/07/23 v2.00 (rcs-revision 1.1)
))
(/usr/share/texmf/tex/latex/pgf/utilities/pgffor.sty
(/usr/share/texmf/tex/generic/pgf/utilities/pgffor.code.tex
Package: pgffor 2007/11/07 v2.00 (rcs-revision 1.8)
\pgffor@iter=\dimen156
\pgffor@skip=\dimen157
))
(/usr/share/texmf/tex/generic/pgf/frontendlayer/tikz/tikz.code.tex
Package: tikz 2008/02/13 v2.00 (rcs-revision 1.27)

(/usr/share/texmf/tex/generic/pgf/libraries/pgflibraryplothandlers.code.tex
File: pgflibraryplothandlers.code.tex 2007/03/09 v2.00 (rcs-revision 1.9)
\pgf@plot@mark@count=\count119
\pgfplotmarksize=\dimen158
)
\tikz@lastx=\dimen159
\tikz@lasty=\dimen160
\tikz@lastxsaved=\dimen161
\tikz@lastysaved=\dimen162
\tikzleveldistance=\dimen163
\tikzsiblingdistance=\dimen164
\tikz@figbox=\box39
\tikz@tempbox=\box40
\tikztreelevel=\count120
\tikznumberofchildren=\count121
\tikznumberofcurrentchild=\count122
\tikz@fig@count=\count123

(/usr/share/texmf/tex/generic/pgf/modules/pgfmodulematrix.code.tex
File: pgfmodulematrix.code.tex 2008/01/15  (rcs-revision 1.1)
\pgfmatrixcurrentrow=\count124
\pgfmatrixcurrentcolumn=\count125
\pgf@matrix@numberofcolumns=\count126
)
\tikz@expandcount=\count127

(/usr/share/texmf/tex/generic/pgf/frontendlayer/tikz/libraries/tikzlibrarytopat
hs.code.tex
File: tikzlibrarytopaths.code.tex 2008/01/09 v2.00 (rcs-revision 1.1)
))) (/usr/share/texmf-texlive/tex/latex/tools/indentfirst.sty
Package: indentfirst 1995/11/23 v1.03 Indent first paragraph (DPC)
)
(/usr/share/texmf-texlive/tex/latex/base/t1enc.sty
Package: t1enc 1994/06/01 Standard LaTeX package
)
(/usr/share/texmf-texlive/tex/latex/psnfss/times.sty
Package: times 2005/04/12 PSNFSS-v9.2a (SPQR) 
)
\c@@zak=\count128
)
(/usr/share/texmf/tex/generic/pgf/frontendlayer/tikz/libraries/tikzlibrarymindm
ap.code.tex
File: tikzlibrarymindmap.code.tex 2008/02/10 v2.00 (rcs-revision 1.5)

(/usr/share/texmf/tex/generic/pgf/frontendlayer/tikz/libraries/tikzlibrarytrees
.code.tex
File: tikzlibrarytrees.code.tex 2008/01/09 v2.00 (rcs-revision 1.1)
)
(/usr/share/texmf/tex/generic/pgf/frontendlayer/tikz/libraries/tikzlibrarydecor
ations.code.tex
(/usr/share/texmf/tex/generic/pgf/modules/pgfmoduledecorations.code.tex
\pgfdecoratedcompleteddistance=\dimen165
\pgfdecoratedremainingdistance=\dimen166
\pgfdecoratedinputsegmentcompleteddistance=\dimen167
\pgfdecoratedinputsegmentremainingdistance=\dimen168
\pgf@decorate@distancetomove=\dimen169
\pgf@decorate@repeatstate=\count129
\pgfdecorationsegmentamplitude=\dimen170
\pgfdecorationsegmentlength=\dimen171
)))
(./extraplaceins.sty

LaTeX Warning: You have requested package `extraplaceins',
               but the package provides `placeins'.

Package: placeins 2005/04/18  v 2.2
) (./glowny.aux)
\openout1 = `glowny.aux'.

LaTeX Font Info:    Checking defaults for OML/cmm/m/it on input line 43.
LaTeX Font Info:    ... okay on input line 43.
LaTeX Font Info:    Checking defaults for T1/cmr/m/n on input line 43.
LaTeX Font Info:    ... okay on input line 43.
LaTeX Font Info:    Checking defaults for OT1/cmr/m/n on input line 43.
LaTeX Font Info:    ... okay on input line 43.
LaTeX Font Info:    Checking defaults for OMS/cmsy/m/n on input line 43.
LaTeX Font Info:    ... okay on input line 43.
LaTeX Font Info:    Checking defaults for OMX/cmex/m/n on input line 43.
LaTeX Font Info:    ... okay on input line 43.
LaTeX Font Info:    Checking defaults for U/cmr/m/n on input line 43.
LaTeX Font Info:    ... okay on input line 43.
LaTeX Font Info:    Checking defaults for OT4/cmr/m/n on input line 43.
LaTeX Font Info:    ... okay on input line 43.
LaTeX Font Info:    Checking defaults for PD1/pdf/m/n on input line 43.
LaTeX Font Info:    ... okay on input line 43.
LaTeX Font Info:    Try loading font information for T1+ptm on input line 43.
 (/usr/share/texmf-texlive/tex/latex/psnfss/t1ptm.fd
File: t1ptm.fd 2001/06/04 font definitions for T1/ptm.
)
(/usr/share/texmf/tex/context/base/supp-pdf.mkii
[Loading MPS to PDF converter (version 2006.09.02).]
\scratchcounter=\count130
\scratchdimen=\dimen172
\scratchbox=\box41
\nofMPsegments=\count131
\nofMParguments=\count132
\everyMPshowfont=\toks24
\MPscratchCnt=\count133
\MPscratchDim=\dimen173
\MPnumerator=\count134
\everyMPtoPDFconversion=\toks25
)
Package hyperref Info: Link coloring ON on input line 43.
 (/usr/share/texmf-texlive/tex/latex/hyperref/nameref.sty
Package: nameref 2007/05/29 v2.31 Cross-referencing by name of section

(/usr/share/texmf-texlive/tex/latex/oberdiek/refcount.sty
Package: refcount 2008/08/11 v3.1 Data extraction from references (HO)
)
\c@section@level=\count135
)
LaTeX Info: Redefining \ref on input line 43.
LaTeX Info: Redefining \pageref on input line 43.
 (./glowny.out)
(./glowny.out)
\@outlinefile=\write4
\openout4 = `glowny.out'.

\AtBeginShipoutBox=\box42
Package caption Info: Begin \AtBeginDocument code.
Package caption Info: listings package is loaded.
Package caption Info: End \AtBeginDocument code.
\c@lstlisting=\count136
 [1


{/var/lib/texmf/fonts/map/pdftex/updmap/pdftex.map}]
LaTeX Font Info:    Font shape `T1/ptm/bx/n' in size <14.4> not available
(Font)              Font shape `T1/ptm/b/n' tried instead on input line 44.
LaTeX Font Info:    Try loading font information for OML+plm on input line 44.

(/usr/share/texmf-texlive/tex/latex/polski/omlplm.fd
File: omlplm.fd 2008/02/24 v1.2.1 Font defs for fonts PL (MW)
)
LaTeX Font Info:    Try loading font information for OMS+plsy on input line 44.


(/usr/share/texmf-texlive/tex/latex/polski/omsplsy.fd
File: omsplsy.fd 2008/02/24 v1.2.1 Font defs for fonts PL (MW)
)
LaTeX Font Info:    Try loading font information for OMX+plex on input line 44.


(/usr/share/texmf-texlive/tex/latex/polski/omxplex.fd
File: omxplex.fd 2008/02/24 v1.2.1 Font defs for fonts PL (MW)
)
LaTeX Font Info:    External font `plex10' loaded for size
(Font)              <12> on input line 44.
LaTeX Font Info:    External font `plex10' loaded for size
(Font)              <8> on input line 44.
LaTeX Font Info:    External font `plex10' loaded for size
(Font)              <6> on input line 44.

Overfull \vbox (34.48378pt too high) detected at line 44
 []


Overfull \hbox (6.0pt too wide) in paragraph at lines 44--44
[]|[]|  
 []


Overfull \vbox (29.21686pt too high) detected at line 44
 []


Underfull \hbox (badness 10000) in paragraph at lines 44--44
[]
 []


Overfull \hbox (6.0pt too wide) in paragraph at lines 44--44
[][]| 
 []


Underfull \hbox (badness 10000) in paragraph at lines 44--44
[]
 []

LaTeX Font Info:    Font shape `T1/ptm/bx/n' in size <12> not available
(Font)              Font shape `T1/ptm/b/n' tried instead on input line 44.
[2]
LaTeX Font Info:    Font shape `T1/ptm/bx/n' in size <17.28> not available
(Font)              Font shape `T1/ptm/b/n' tried instead on input line 45.
 (./glowny.toc [3

])
\tf@toc=\write5
\openout5 = `glowny.toc'.

 (./wstep1.tex [0]
Rozdzia\PlPrIeC {\l } 1.
LaTeX Font Info:    Try loading font information for OMS+ptm on input line 11.
(/usr/share/texmf-texlive/tex/latex/psnfss/omsptm.fd
File: omsptm.fd 
)
LaTeX Font Info:    Font shape `OMS/ptm/m/n' in size <12> not available
(Font)              Font shape `OMS/cmsy/m/n' tried instead on input line 11.
) (./wstep2.texpdfTeX warning (ext4): destination with the same identifier (nam
e{page.1}) has been already used, duplicate ignored
<to be read again> 
                   \relax 
l.1 \chapter
            {Wstêp teoretyczny} [1

]pdfTeX warning (ext4): destination with the same identifier (name{page.2}) has
 been already used, duplicate ignored
<to be read again> 
                   \relax 
l.1 \chapter
            {Wstêp teoretyczny} [2]
Rozdzia\PlPrIeC {\l } 2.
pdfTeX warning (ext4): destination with the same identifier (name{page.3}) has 
been already used, duplicate ignored
<to be read again> 
                   \relax 
l.53 
      [3

] [4]
Overfull \hbox (1.21548pt too wide) in paragraph at lines 56--78
[]\T1/ptm/m/n/12 Jednym z pod-sta-wo-wych przy-kªa-dów za-sto-so-wa-nia sztucz-
nej in-te-li-gen-cji w grach kom-
 []


Overfull \hbox (4.5147pt too wide) in paragraph at lines 56--78
\T1/ptm/m/n/12 pu-te-ro-wych s¡ gry lo-gicz-ne. Pod-sta-wo-wym al-go-ryt-mem st
o-so-wa-nym w pro-jek-to-wa-niu sztucz-
 []

[5] <obrazki/chess_tree.png, id=229, 702.625pt x 336.25626pt>
File: obrazki/chess_tree.png Graphic file (type png)

<use obrazki/chess_tree.png>

LaTeX Warning: `!h' float specifier changed to `!ht'.

<obrazki/go_tree.png, id=230, 341.275pt x 338.26375pt>
File: obrazki/go_tree.png Graphic file (type png)

<use obrazki/go_tree.png>

LaTeX Warning: `!h' float specifier changed to `!ht'.

[6] [7 <./obrazki/chess_tree.png (PNG copy)> <./obrazki/go_tree.png (PNG copy)>
] [8] [9] [10] [11]) (./analiza2.tex [12]
Rozdzia\PlPrIeC {\l } 3.
[13

] [14] [15] [16] <obrazki/sterowanie.jpg, id=308, 643.3601pt x 168.10631pt>
File: obrazki/sterowanie.jpg Graphic file (type jpg)

<use obrazki/sterowanie.jpg> [17 <./obrazki/sterowanie.jpg>]
<obrazki/stat_cross.png, id=317, 531.81293pt x 637.8613pt>
File: obrazki/stat_cross.png Graphic file (type png)

<use obrazki/stat_cross.png> [18 <./obrazki/stat_cross.png (PNG copy)>]
<obrazki/sterowanie2.jpg, id=323, 852.18375pt x 136.51pt>
File: obrazki/sterowanie2.jpg Graphic file (type jpg)

<use obrazki/sterowanie2.jpg> [19 <./obrazki/sterowanie2.jpg>] [20]
Overfull \hbox (2.18515pt too wide) in paragraph at lines 168--172
\T1/ptm/m/n/12 Podczas dzia-ªa-nia al-go-ryt-mu po-wi-nien by¢ mo»-li-wy pod-gl
¡d ak-tu-al-nej po-pu-la-cji. U»yt-
 []

[21] <obrazki/diagram_przypadkow.png, id=339, 455.45157pt x 546.54187pt>
File: obrazki/diagram_przypadkow.png Graphic file (type png)

<use obrazki/diagram_przypadkow.png>

LaTeX Warning: `!h' float specifier changed to `!ht'.

[22] [23 <./obrazki/diagram_przypadkow.png (PNG copy)>] [24] [25] [26] [27]
[28] <obrazki/activity_diagram.png, id=453, 802.49812pt x 550.30594pt>
File: obrazki/activity_diagram.png Graphic file (type png)

<use obrazki/activity_diagram.png>
<obrazki/activity_diagram_2.png, id=454, 636.12656pt x 548.0475pt>
File: obrazki/activity_diagram_2.png Graphic file (type png)

<use obrazki/activity_diagram_2.png>

LaTeX Warning: `!h' float specifier changed to `!ht'.

[29 <./obrazki/activity_diagram.png (PNG copy)>]
<obrazki/diagram_stanow.jpg, id=468, 707.64375pt x 247.92625pt>
File: obrazki/diagram_stanow.jpg Graphic file (type jpg)

<use obrazki/diagram_stanow.jpg>

LaTeX Warning: `!h' float specifier changed to `!ht'.

[30 <./obrazki/activity_diagram_2.png (PNG copy)>] [31 <./obrazki/diagram_stano
w.jpg>] <obrazki/use_case_editor.png, id=481, 710.655pt x 315.42844pt>
File: obrazki/use_case_editor.png Graphic file (type png)

<use obrazki/use_case_editor.png>

LaTeX Warning: `!h' float specifier changed to `!ht'.

[32] [33 <./obrazki/use_case_editor.png (PNG copy)>] [34]
<obrazki/czynnosci_edytor_map.jpeg, id=524, 617.30624pt x 543.02875pt>
File: obrazki/czynnosci_edytor_map.jpeg Graphic file (type jpg)

<use obrazki/czynnosci_edytor_map.jpeg>
<obrazki/diagram_klas.png, id=526, 1235.61626pt x 2550.52875pt>
File: obrazki/diagram_klas.png Graphic file (type png)

<use obrazki/diagram_klas.png>

LaTeX Warning: Float too large for page by 31.74998pt on input line 564.

[35 <./obrazki/czynnosci_edytor_map.jpeg>]

LaTeX Warning: `!h' float specifier changed to `!ht'.


Overfull \hbox (3.54123pt too wide) in paragraph at lines 571--573
\T1/ptm/m/n/12 Klasa Bo-nu-sCo-in re-pre-zen-tu-je je-dy-nie punk-ty umiesz-czo
-ne na plan-szy. Ko-li-zja z obiek-
 []


Overfull \hbox (24.69748pt too wide) in paragraph at lines 573--575
\T1/ptm/m/n/12 Ko-li-zja ak-to-ra z obiek-tem au-to-ma-tycz-nie ko«-czy prze-bi
eg gry ze skut-kiem RE-SULT_LOST. 
 []

[36] [37] [38] [39] [40]
Overfull \hbox (20.42451pt too wide) in paragraph at lines 625--627
\T1/ptm/m/n/12 Klasa Re-so-ur-ces prze-cho-wu-je wszyst-kie obiek-ty ±wia-ta gr
y. Me-to-da lo-adRe-so-ur-ces(String)
 []

[41]
Overfull \hbox (4.38081pt too wide) in paragraph at lines 633--636
\T1/ptm/m/n/12 Klasa abs-trak-cyj-na po któ-rej dzie-dzi-cz¡ wszyst-kie ele-men
-ty gry. Pod-sta-wo-w¡ jej zmien-
 []

) (./interfejs2.tex [42] [43 <./obrazki/diagram_klas.png (PNG copy)>]
Rozdzia\PlPrIeC {\l } 4.
<obrazki/main_window.png, id=599, 811.03pt x 583.17876pt>
File: obrazki/main_window.png Graphic file (type png)

<use obrazki/main_window.png> [44

] [45 <./obrazki/main_window.png (PNG copy)>]
<obrazki/objects.png, id=620, 644.4075pt x 265.99374pt>
File: obrazki/objects.png Graphic file (type png)

<use obrazki/objects.png>
<obrazki/config1.png, id=622, 575.14874pt x 750.805pt>
File: obrazki/config1.png Graphic file (type png)

<use obrazki/config1.png> [46 <./obrazki/objects.png (PNG copy)>]

LaTeX Warning: `!h' float specifier changed to `!ht'.

[47] [48 <./obrazki/config1.png (PNG copy)>]
<obrazki/populacja.png, id=641, 501.875pt x 500.87125pt>
File: obrazki/populacja.png Graphic file (type png)

<use obrazki/populacja.png>
<obrazki/chromosom.png, id=642, 502.87875pt x 501.875pt>
File: obrazki/chromosom.png Graphic file (type png)

<use obrazki/chromosom.png>

LaTeX Warning: `!h' float specifier changed to `!ht'.

[49 <./obrazki/populacja.png (PNG copy)>] [50 <./obrazki/chromosom.png (PNG cop
y)>] <obrazki/map_editor.png, id=655, 947.54pt x 699.61375pt>
File: obrazki/map_editor.png Graphic file (type png)

<use obrazki/map_editor.png> [51 <./obrazki/map_editor.png>] [52])
(./podsumowanie2.tex [53]
Rozdzia\PlPrIeC {\l } 5.
) (./glowny.bbl [54

]
Underfull \hbox (badness 2181) in paragraph at lines 36--38
[]\T1/ptm/m/n/12 University of not-tin-gham - hi-sto-ry of ai.  http://red.cs.n
ott.ac.uk/ gxk//co-ur-se-
 []


Overfull \hbox (99.58391pt too wide) in paragraph at lines 40--44
[]\T1/ptm/m/n/12 University of not-tin-gham - ga-me play-ing.  http://red.cs.no
tt.ac.uk/ gxk//courses/g5aiai/005gameplaying/game-
 []

) [55

] (./glowny.lof)
\tf@lof=\write6
\openout6 = `glowny.lof'.

 [56

] (./glowny.aux) ) 
Here is how much of TeX's memory you used:
 15212 strings out of 493848
 249770 string characters out of 1152822
 344329 words of memory out of 3000000
 17821 multiletter control sequences out of 15000+50000
 53529 words of font info for 54 fonts, out of 3000000 for 9000
 714 hyphenation exceptions out of 8191
 54i,12n,57p,929b,1715s stack positions out of 5000i,500n,10000p,200000b,50000s
{/usr/share/texmf-texlive/fonts/enc/dvips/base/8r.enc}{/usr/s
hare/texmf-texlive/fonts/enc/dvips/pl/plms.enc}{/usr/share/texmf-texlive/fonts/
enc/dvips/pl/plme.enc}{/usr/share/texmf-texlive/fonts/enc/dvips/pl/plrm.enc}{/u
sr/share/texmf-texlive/fonts/enc/dvips/pl/plmi.enc}</usr/share/texmf-texlive/fo
nts/type1/public/amsfonts/cm/cmsy10.pfb></usr/share/texmf-texlive/fonts/type1/p
ublic/pl/plex10.pfb></usr/share/texmf-texlive/fonts/type1/public/pl/plmi12.pfb>
</usr/share/texmf-texlive/fonts/type1/public/pl/plmi8.pfb></usr/share/texmf-tex
live/fonts/type1/public/pl/plr12.pfb></usr/share/texmf-texlive/fonts/type1/publ
ic/pl/plr8.pfb></usr/share/texmf-texlive/fonts/type1/public/pl/plsy10.pfb></usr
/share/texmf-texlive/fonts/type1/urw/times/utmb8a.pfb></usr/share/texmf-texlive
/fonts/type1/urw/times/utmr8a.pfb></usr/share/texmf-texlive/fonts/type1/urw/tim
es/utmri8a.pfb>
Output written on glowny.pdf (60 pages, 1318510 bytes).
PDF statistics:
 831 PDF objects out of 1000 (max. 8388607)
 321 named destinations out of 1000 (max. 500000)
 383 words of extra memory for PDF output out of 10000 (max. 10000000)

